# JRE version: OpenJDK Runtime Environment (8.0_242-b01) (build 1.8.0_242-release-1644-b01)
# Java VM: OpenJDK 64-Bit Server VM (25.242-b01 mixed mode windows-amd64 compressed oops)
Heap:
 PSYoungGen      total 236544K, used 214240K [0x00000000d5580000, 0x00000000e6900000, 0x0000000100000000)
  eden space 214528K, 89% used [0x00000000d5580000,0x00000000e113fe60,0x00000000e2700000)
  from space 22016K, 99% used [0x00000000e4500000,0x00000000e5a784e0,0x00000000e5a80000)
  to   space 30720K, 0% used [0x00000000e2700000,0x00000000e2700000,0x00000000e4500000)
 ParOldGen       total 149504K, used 49500K [0x0000000080000000, 0x0000000089200000, 0x00000000d5580000)
  object space 149504K, 33% used [0x0000000080000000,0x00000000830572d8,0x0000000089200000)
 Metaspace       used 74452K, capacity 78062K, committed 78248K, reserved 1116160K
  class space    used 10012K, capacity 10655K, committed 10672K, reserved 1048576K
GC Heap History (10 events):
Event: 4.695 GC heap before
{Heap before GC invocations=11 (full 2):
 PSYoungGen      total 159232K, used 158733K [0x00000000d5580000, 0x00000000e0a80000, 0x0000000100000000)
  eden space 149504K, 100% used [0x00000000d5580000,0x00000000de780000,0x00000000de780000)
  from space 9728K, 94% used [0x00000000e0100000,0x00000000e0a03590,0x00000000e0a80000)
  to   space 11264K, 0% used [0x00000000df480000,0x00000000df480000,0x00000000dff80000)
 ParOldGen       total 149504K, used 14587K [0x0000000080000000, 0x0000000089200000, 0x00000000d5580000)
  object space 149504K, 9% used [0x0000000080000000,0x0000000080e3ee10,0x0000000089200000)
 Metaspace       used 53578K, capacity 55486K, committed 55592K, reserved 1097728K
  class space    used 7091K, capacity 7472K, committed 7472K, reserved 1048576K
Event: 4.708 GC heap after
Heap after GC invocations=11 (full 2):
 PSYoungGen      total 174080K, used 11248K [0x00000000d5580000, 0x00000000e3180000, 0x0000000100000000)
  eden space 162816K, 0% used [0x00000000d5580000,0x00000000d5580000,0x00000000df480000)
  from space 11264K, 99% used [0x00000000df480000,0x00000000dff7c040,0x00000000dff80000)
  to   space 17408K, 0% used [0x00000000e2080000,0x00000000e2080000,0x00000000e3180000)
 ParOldGen       total 149504K, used 27805K [0x0000000080000000, 0x0000000089200000, 0x00000000d5580000)
  object space 149504K, 18% used [0x0000000080000000,0x0000000081b27498,0x0000000089200000)
 Metaspace       used 53578K, capacity 55486K, committed 55592K, reserved 1097728K
  class space    used 7091K, capacity 7472K, committed 7472K, reserved 1048576K
}
Event: 5.130 GC heap before
{Heap before GC invocations=12 (full 2):
 PSYoungGen      total 174080K, used 64554K [0x00000000d5580000, 0x00000000e3180000, 0x0000000100000000)
  eden space 162816K, 32% used [0x00000000d5580000,0x00000000d898ea40,0x00000000df480000)
  from space 11264K, 99% used [0x00000000df480000,0x00000000dff7c040,0x00000000dff80000)
  to   space 17408K, 0% used [0x00000000e2080000,0x00000000e2080000,0x00000000e3180000)
 ParOldGen       total 149504K, used 27805K [0x0000000080000000, 0x0000000089200000, 0x00000000d5580000)
  object space 149504K, 18% used [0x0000000080000000,0x0000000081b27498,0x0000000089200000)
 Metaspace       used 56949K, capacity 59102K, committed 59160K, reserved 1099776K
  class space    used 7629K, capacity 8061K, committed 8112K, reserved 1048576K
Event: 5.142 GC heap after
Heap after GC invocations=12 (full 2):
 PSYoungGen      total 205824K, used 17144K [0x00000000d5580000, 0x00000000e4a00000, 0x0000000100000000)
  eden space 188416K, 0% used [0x00000000d5580000,0x00000000d5580000,0x00000000e0d80000)
  from space 17408K, 98% used [0x00000000e2080000,0x00000000e313e1a8,0x00000000e3180000)
  to   space 19456K, 0% used [0x00000000e0d80000,0x00000000e0d80000,0x00000000e2080000)
 ParOldGen       total 149504K, used 27813K [0x0000000080000000, 0x0000000089200000, 0x00000000d5580000)
  object space 149504K, 18% used [0x0000000080000000,0x0000000081b29498,0x0000000089200000)
 Metaspace       used 56949K, capacity 59102K, committed 59160K, reserved 1099776K
  class space    used 7629K, capacity 8061K, committed 8112K, reserved 1048576K
}
Event: 5.142 GC heap before
{Heap before GC invocations=13 (full 3):
 PSYoungGen      total 205824K, used 17144K [0x00000000d5580000, 0x00000000e4a00000, 0x0000000100000000)
  eden space 188416K, 0% used [0x00000000d5580000,0x00000000d5580000,0x00000000e0d80000)
  from space 17408K, 98% used [0x00000000e2080000,0x00000000e313e1a8,0x00000000e3180000)
  to   space 19456K, 0% used [0x00000000e0d80000,0x00000000e0d80000,0x00000000e2080000)
 ParOldGen       total 149504K, used 27813K [0x0000000080000000, 0x0000000089200000, 0x00000000d5580000)
  object space 149504K, 18% used [0x0000000080000000,0x0000000081b29498,0x0000000089200000)
 Metaspace       used 56949K, capacity 59102K, committed 59160K, reserved 1099776K
  class space    used 7629K, capacity 8061K, committed 8112K, reserved 1048576K
Event: 5.311 GC heap after
Heap after GC invocations=13 (full 3):
 PSYoungGen      total 205824K, used 0K [0x00000000d5580000, 0x00000000e4a00000, 0x0000000100000000)
  eden space 188416K, 0% used [0x00000000d5580000,0x00000000d5580000,0x00000000e0d80000)
  from space 17408K, 0% used [0x00000000e2080000,0x00000000e2080000,0x00000000e3180000)
  to   space 19456K, 0% used [0x00000000e0d80000,0x00000000e0d80000,0x00000000e2080000)
 ParOldGen       total 149504K, used 32385K [0x0000000080000000, 0x0000000089200000, 0x00000000d5580000)
  object space 149504K, 21% used [0x0000000080000000,0x0000000081fa05f0,0x0000000089200000)
 Metaspace       used 56886K, capacity 58912K, committed 59160K, reserved 1099776K
  class space    used 7610K, capacity 8034K, committed 8112K, reserved 1048576K
}
Event: 7.066 GC heap before
{Heap before GC invocations=14 (full 3):
 PSYoungGen      total 205824K, used 188416K [0x00000000d5580000, 0x00000000e4a00000, 0x0000000100000000)
  eden space 188416K, 100% used [0x00000000d5580000,0x00000000e0d80000,0x00000000e0d80000)
  from space 17408K, 0% used [0x00000000e2080000,0x00000000e2080000,0x00000000e3180000)
  to   space 19456K, 0% used [0x00000000e0d80000,0x00000000e0d80000,0x00000000e2080000)
 ParOldGen       total 149504K, used 32385K [0x0000000080000000, 0x0000000089200000, 0x00000000d5580000)
  object space 149504K, 21% used [0x0000000080000000,0x0000000081fa05f0,0x0000000089200000)
 Metaspace       used 68899K, capacity 71738K, committed 71976K, reserved 1112064K
  class space    used 9432K, capacity 9985K, committed 10032K, reserved 1048576K
Event: 7.080 GC heap after
Heap after GC invocations=14 (full 3):
 PSYoungGen      total 207872K, used 19449K [0x00000000d5580000, 0x00000000e5a80000, 0x0000000100000000)
  eden space 188416K, 0% used [0x00000000d5580000,0x00000000d5580000,0x00000000e0d80000)
  from space 19456K, 99% used [0x00000000e0d80000,0x00000000e207e5a8,0x00000000e2080000)
  to   space 22016K, 0% used [0x00000000e4500000,0x00000000e4500000,0x00000000e5a80000)
 ParOldGen       total 149504K, used 33591K [0x0000000080000000, 0x0000000089200000, 0x00000000d5580000)
  object space 149504K, 22% used [0x0000000080000000,0x00000000820cdff8,0x0000000089200000)
 Metaspace       used 68899K, capacity 71738K, committed 71976K, reserved 1112064K
  class space    used 9432K, capacity 9985K, committed 10032K, reserved 1048576K
}
Event: 9.095 GC heap before
{Heap before GC invocations=15 (full 3):
 PSYoungGen      total 207872K, used 207865K [0x00000000d5580000, 0x00000000e5a80000, 0x0000000100000000)
  eden space 188416K, 100% used [0x00000000d5580000,0x00000000e0d80000,0x00000000e0d80000)
  from space 19456K, 99% used [0x00000000e0d80000,0x00000000e207e5a8,0x00000000e2080000)
  to   space 22016K, 0% used [0x00000000e4500000,0x00000000e4500000,0x00000000e5a80000)
 ParOldGen       total 149504K, used 33591K [0x0000000080000000, 0x0000000089200000, 0x00000000d5580000)
  object space 149504K, 22% used [0x0000000080000000,0x00000000820cdff8,0x0000000089200000)
 Metaspace       used 73231K, capacity 76666K, committed 76840K, reserved 1116160K
  class space    used 9898K, capacity 10513K, committed 10544K, reserved 1048576K
Event: 9.116 GC heap after
Heap after GC invocations=15 (full 3):
 PSYoungGen      total 236544K, used 21985K [0x00000000d5580000, 0x00000000e6900000, 0x0000000100000000)
  eden space 214528K, 0% used [0x00000000d5580000,0x00000000d5580000,0x00000000e2700000)
  from space 22016K, 99% used [0x00000000e4500000,0x00000000e5a784e0,0x00000000e5a80000)
  to   space 30720K, 0% used [0x00000000e2700000,0x00000000e2700000,0x00000000e4500000)
 ParOldGen       total 149504K, used 49500K [0x0000000080000000, 0x0000000089200000, 0x00000000d5580000)
  object space 149504K, 33% used [0x0000000080000000,0x00000000830572d8,0x0000000089200000)
 Metaspace       used 73231K, capacity 76666K, committed 76840K, reserved 1116160K
  class space    used 9898K, capacity 10513K, committed 10544K, reserved 1048576K
}

