# JRE version: OpenJDK Runtime Environment (8.0_242-b01) (build 1.8.0_242-release-1644-b01)
# Java VM: OpenJDK 64-Bit Server VM (25.242-b01 mixed mode windows-amd64 compressed oops)
Heap:
 PSYoungGen      total 225280K, used 149459K [0x00000000d5580000, 0x00000000e4200000, 0x0000000100000000)
  eden space 209408K, 71% used [0x00000000d5580000,0x00000000de774e70,0x00000000e2200000)
  from space 15872K, 0% used [0x00000000e3080000,0x00000000e3080000,0x00000000e4000000)
  to   space 14848K, 0% used [0x00000000e2200000,0x00000000e2200000,0x00000000e3080000)
 ParOldGen       total 96256K, used 14623K [0x0000000080000000, 0x0000000085e00000, 0x00000000d5580000)
  object space 96256K, 15% used [0x0000000080000000,0x0000000080e47ce0,0x0000000085e00000)
 Metaspace       used 38643K, capacity 40356K, committed 40616K, reserved 1083392K
  class space    used 5328K, capacity 5684K, committed 5808K, reserved 1048576K
GC Heap History (10 events):
Event: 2.010 GC heap before
{Heap before GC invocations=4 (full 0):
 PSYoungGen      total 75264K, used 22294K [0x00000000d5580000, 0x00000000de880000, 0x0000000100000000)
  eden space 64512K, 17% used [0x00000000d5580000,0x00000000d60ccd58,0x00000000d9480000)
  from space 10752K, 99% used [0x00000000d9480000,0x00000000d9ef8c20,0x00000000d9f00000)
  to   space 10752K, 0% used [0x00000000dde00000,0x00000000dde00000,0x00000000de880000)
 ParOldGen       total 172032K, used 763K [0x0000000080000000, 0x000000008a800000, 0x00000000d5580000)
  object space 172032K, 0% used [0x0000000080000000,0x00000000800bed60,0x000000008a800000)
 Metaspace       used 20559K, capacity 21208K, committed 21296K, reserved 1067008K
  class space    used 2874K, capacity 3076K, committed 3120K, reserved 1048576K
Event: 2.015 GC heap after
Heap after GC invocations=4 (full 0):
 PSYoungGen      total 139776K, used 7464K [0x00000000d5580000, 0x00000000de880000, 0x0000000100000000)
  eden space 129024K, 0% used [0x00000000d5580000,0x00000000d5580000,0x00000000dd380000)
  from space 10752K, 69% used [0x00000000dde00000,0x00000000de54a040,0x00000000de880000)
  to   space 10752K, 0% used [0x00000000dd380000,0x00000000dd380000,0x00000000dde00000)
 ParOldGen       total 172032K, used 771K [0x0000000080000000, 0x000000008a800000, 0x00000000d5580000)
  object space 172032K, 0% used [0x0000000080000000,0x00000000800c0d60,0x000000008a800000)
 Metaspace       used 20559K, capacity 21208K, committed 21296K, reserved 1067008K
  class space    used 2874K, capacity 3076K, committed 3120K, reserved 1048576K
}
Event: 2.015 GC heap before
{Heap before GC invocations=5 (full 1):
 PSYoungGen      total 139776K, used 7464K [0x00000000d5580000, 0x00000000de880000, 0x0000000100000000)
  eden space 129024K, 0% used [0x00000000d5580000,0x00000000d5580000,0x00000000dd380000)
  from space 10752K, 69% used [0x00000000dde00000,0x00000000de54a040,0x00000000de880000)
  to   space 10752K, 0% used [0x00000000dd380000,0x00000000dd380000,0x00000000dde00000)
 ParOldGen       total 172032K, used 771K [0x0000000080000000, 0x000000008a800000, 0x00000000d5580000)
  object space 172032K, 0% used [0x0000000080000000,0x00000000800c0d60,0x000000008a800000)
 Metaspace       used 20559K, capacity 21208K, committed 21296K, reserved 1067008K
  class space    used 2874K, capacity 3076K, committed 3120K, reserved 1048576K
Event: 2.041 GC heap after
Heap after GC invocations=5 (full 1):
 PSYoungGen      total 139776K, used 0K [0x00000000d5580000, 0x00000000de880000, 0x0000000100000000)
  eden space 129024K, 0% used [0x00000000d5580000,0x00000000d5580000,0x00000000dd380000)
  from space 10752K, 0% used [0x00000000dde00000,0x00000000dde00000,0x00000000de880000)
  to   space 10752K, 0% used [0x00000000dd380000,0x00000000dd380000,0x00000000dde00000)
 ParOldGen       total 96256K, used 7250K [0x0000000080000000, 0x0000000085e00000, 0x00000000d5580000)
  object space 96256K, 7% used [0x0000000080000000,0x0000000080714a80,0x0000000085e00000)
 Metaspace       used 20559K, capacity 21208K, committed 21296K, reserved 1067008K
  class space    used 2874K, capacity 3076K, committed 3120K, reserved 1048576K
}
Event: 2.758 GC heap before
{Heap before GC invocations=6 (full 1):
 PSYoungGen      total 139776K, used 129024K [0x00000000d5580000, 0x00000000de880000, 0x0000000100000000)
  eden space 129024K, 100% used [0x00000000d5580000,0x00000000dd380000,0x00000000dd380000)
  from space 10752K, 0% used [0x00000000dde00000,0x00000000dde00000,0x00000000de880000)
  to   space 10752K, 0% used [0x00000000dd380000,0x00000000dd380000,0x00000000dde00000)
 ParOldGen       total 96256K, used 7250K [0x0000000080000000, 0x0000000085e00000, 0x00000000d5580000)
  object space 96256K, 7% used [0x0000000080000000,0x0000000080714a80,0x0000000085e00000)
 Metaspace       used 32703K, capacity 33684K, committed 33968K, reserved 1079296K
  class space    used 4467K, capacity 4718K, committed 4784K, reserved 1048576K
Event: 2.769 GC heap after
Heap after GC invocations=6 (full 1):
 PSYoungGen      total 139776K, used 10723K [0x00000000d5580000, 0x00000000e4000000, 0x0000000100000000)
  eden space 129024K, 0% used [0x00000000d5580000,0x00000000d5580000,0x00000000dd380000)
  from space 10752K, 99% used [0x00000000dd380000,0x00000000dddf8f08,0x00000000dde00000)
  to   space 15872K, 0% used [0x00000000e3080000,0x00000000e3080000,0x00000000e4000000)
 ParOldGen       total 96256K, used 10579K [0x0000000080000000, 0x0000000085e00000, 0x00000000d5580000)
  object space 96256K, 10% used [0x0000000080000000,0x0000000080a54da8,0x0000000085e00000)
 Metaspace       used 32703K, capacity 33684K, committed 33968K, reserved 1079296K
  class space    used 4467K, capacity 4718K, committed 4784K, reserved 1048576K
}
Event: 2.896 GC heap before
{Heap before GC invocations=7 (full 1):
 PSYoungGen      total 139776K, used 42466K [0x00000000d5580000, 0x00000000e4000000, 0x0000000100000000)
  eden space 129024K, 24% used [0x00000000d5580000,0x00000000d747fad0,0x00000000dd380000)
  from space 10752K, 99% used [0x00000000dd380000,0x00000000dddf8f08,0x00000000dde00000)
  to   space 15872K, 0% used [0x00000000e3080000,0x00000000e3080000,0x00000000e4000000)
 ParOldGen       total 96256K, used 10579K [0x0000000080000000, 0x0000000085e00000, 0x00000000d5580000)
  object space 96256K, 10% used [0x0000000080000000,0x0000000080a54da8,0x0000000085e00000)
 Metaspace       used 34276K, capacity 35398K, committed 35496K, reserved 1079296K
  class space    used 4714K, capacity 5002K, committed 5040K, reserved 1048576K
Event: 2.901 GC heap after
Heap after GC invocations=7 (full 1):
 PSYoungGen      total 225280K, used 8293K [0x00000000d5580000, 0x00000000e4200000, 0x0000000100000000)
  eden space 209408K, 0% used [0x00000000d5580000,0x00000000d5580000,0x00000000e2200000)
  from space 15872K, 52% used [0x00000000e3080000,0x00000000e38994b0,0x00000000e4000000)
  to   space 14848K, 0% used [0x00000000e2200000,0x00000000e2200000,0x00000000e3080000)
 ParOldGen       total 96256K, used 10587K [0x0000000080000000, 0x0000000085e00000, 0x00000000d5580000)
  object space 96256K, 10% used [0x0000000080000000,0x0000000080a56da8,0x0000000085e00000)
 Metaspace       used 34276K, capacity 35398K, committed 35496K, reserved 1079296K
  class space    used 4714K, capacity 5002K, committed 5040K, reserved 1048576K
}
Event: 2.901 GC heap before
{Heap before GC invocations=8 (full 2):
 PSYoungGen      total 225280K, used 8293K [0x00000000d5580000, 0x00000000e4200000, 0x0000000100000000)
  eden space 209408K, 0% used [0x00000000d5580000,0x00000000d5580000,0x00000000e2200000)
  from space 15872K, 52% used [0x00000000e3080000,0x00000000e38994b0,0x00000000e4000000)
  to   space 14848K, 0% used [0x00000000e2200000,0x00000000e2200000,0x00000000e3080000)
 ParOldGen       total 96256K, used 10587K [0x0000000080000000, 0x0000000085e00000, 0x00000000d5580000)
  object space 96256K, 10% used [0x0000000080000000,0x0000000080a56da8,0x0000000085e00000)
 Metaspace       used 34276K, capacity 35398K, committed 35496K, reserved 1079296K
  class space    used 4714K, capacity 5002K, committed 5040K, reserved 1048576K
Event: 2.927 GC heap after
Heap after GC invocations=8 (full 2):
 PSYoungGen      total 225280K, used 0K [0x00000000d5580000, 0x00000000e4200000, 0x0000000100000000)
  eden space 209408K, 0% used [0x00000000d5580000,0x00000000d5580000,0x00000000e2200000)
  from space 15872K, 0% used [0x00000000e3080000,0x00000000e3080000,0x00000000e4000000)
  to   space 14848K, 0% used [0x00000000e2200000,0x00000000e2200000,0x00000000e3080000)
 ParOldGen       total 96256K, used 14623K [0x0000000080000000, 0x0000000085e00000, 0x00000000d5580000)
  object space 96256K, 15% used [0x0000000080000000,0x0000000080e47ce0,0x0000000085e00000)
 Metaspace       used 34276K, capacity 35398K, committed 35496K, reserved 1079296K
  class space    used 4714K, capacity 5002K, committed 5040K, reserved 1048576K
}

