# JRE version: OpenJDK Runtime Environment (8.0_242-b01) (build 1.8.0_242-release-1644-b01)
# Java VM: OpenJDK 64-Bit Server VM (25.242-b01 mixed mode windows-amd64 compressed oops)
Heap:
 PSYoungGen      total 171520K, used 3744K [0x00000000d5580000, 0x00000000e1480000, 0x0000000100000000)
  eden space 152064K, 0% used [0x00000000d5580000,0x00000000d5580000,0x00000000dea00000)
  from space 19456K, 19% used [0x00000000dee80000,0x00000000df228008,0x00000000e0180000)
  to   space 12800K, 0% used [0x00000000e0800000,0x00000000e0800000,0x00000000e1480000)
 ParOldGen       total 95744K, used 62789K [0x0000000080000000, 0x0000000085d80000, 0x00000000d5580000)
  object space 95744K, 65% used [0x0000000080000000,0x0000000083d51690,0x0000000085d80000)
 Metaspace       used 80469K, capacity 84628K, committed 84696K, reserved 1126400K
  class space    used 10940K, capacity 11739K, committed 11776K, reserved 1048576K
GC Heap History (10 events):
Event: 4.251 GC heap after
Heap after GC invocations=13 (full 2):
 PSYoungGen      total 141824K, used 13425K [0x00000000d5580000, 0x00000000e1b00000, 0x0000000100000000)
  eden space 122368K, 0% used [0x00000000d5580000,0x00000000d5580000,0x00000000dcd00000)
  from space 19456K, 69% used [0x00000000dcd00000,0x00000000dda1c7d8,0x00000000de000000)
  to   space 19456K, 0% used [0x00000000e0800000,0x00000000e0800000,0x00000000e1b00000)
 ParOldGen       total 95744K, used 28456K [0x0000000080000000, 0x0000000085d80000, 0x00000000d5580000)
  object space 95744K, 29% used [0x0000000080000000,0x0000000081bca308,0x0000000085d80000)
 Metaspace       used 56292K, capacity 58784K, committed 58968K, reserved 1099776K
  class space    used 7429K, capacity 7938K, committed 8064K, reserved 1048576K
}
Event: 4.251 GC heap before
{Heap before GC invocations=14 (full 3):
 PSYoungGen      total 141824K, used 13425K [0x00000000d5580000, 0x00000000e1b00000, 0x0000000100000000)
  eden space 122368K, 0% used [0x00000000d5580000,0x00000000d5580000,0x00000000dcd00000)
  from space 19456K, 69% used [0x00000000dcd00000,0x00000000dda1c7d8,0x00000000de000000)
  to   space 19456K, 0% used [0x00000000e0800000,0x00000000e0800000,0x00000000e1b00000)
 ParOldGen       total 95744K, used 28456K [0x0000000080000000, 0x0000000085d80000, 0x00000000d5580000)
  object space 95744K, 29% used [0x0000000080000000,0x0000000081bca308,0x0000000085d80000)
 Metaspace       used 56292K, capacity 58784K, committed 58968K, reserved 1099776K
  class space    used 7429K, capacity 7938K, committed 8064K, reserved 1048576K
Event: 4.404 GC heap after
Heap after GC invocations=14 (full 3):
 PSYoungGen      total 141824K, used 0K [0x00000000d5580000, 0x00000000e1b00000, 0x0000000100000000)
  eden space 122368K, 0% used [0x00000000d5580000,0x00000000d5580000,0x00000000dcd00000)
  from space 19456K, 0% used [0x00000000dcd00000,0x00000000dcd00000,0x00000000de000000)
  to   space 19456K, 0% used [0x00000000e0800000,0x00000000e0800000,0x00000000e1b00000)
 ParOldGen       total 95744K, used 32630K [0x0000000080000000, 0x0000000085d80000, 0x00000000d5580000)
  object space 95744K, 34% used [0x0000000080000000,0x0000000081fddbf8,0x0000000085d80000)
 Metaspace       used 56196K, capacity 58512K, committed 58968K, reserved 1099776K
  class space    used 7403K, capacity 7898K, committed 8064K, reserved 1048576K
}
Event: 5.256 GC heap before
{Heap before GC invocations=15 (full 3):
 PSYoungGen      total 141824K, used 122368K [0x00000000d5580000, 0x00000000e1b00000, 0x0000000100000000)
  eden space 122368K, 100% used [0x00000000d5580000,0x00000000dcd00000,0x00000000dcd00000)
  from space 19456K, 0% used [0x00000000dcd00000,0x00000000dcd00000,0x00000000de000000)
  to   space 19456K, 0% used [0x00000000e0800000,0x00000000e0800000,0x00000000e1b00000)
 ParOldGen       total 95744K, used 32630K [0x0000000080000000, 0x0000000085d80000, 0x00000000d5580000)
  object space 95744K, 34% used [0x0000000080000000,0x0000000081fddbf8,0x0000000085d80000)
 Metaspace       used 63484K, capacity 66246K, committed 66520K, reserved 1105920K
  class space    used 8572K, capacity 9145K, committed 9216K, reserved 1048576K
Event: 5.264 GC heap after
Heap after GC invocations=15 (full 3):
 PSYoungGen      total 164864K, used 12402K [0x00000000d5580000, 0x00000000e1480000, 0x0000000100000000)
  eden space 152064K, 0% used [0x00000000d5580000,0x00000000d5580000,0x00000000dea00000)
  from space 12800K, 96% used [0x00000000e0800000,0x00000000e141c8b0,0x00000000e1480000)
  to   space 19456K, 0% used [0x00000000dee80000,0x00000000dee80000,0x00000000e0180000)
 ParOldGen       total 95744K, used 32638K [0x0000000080000000, 0x0000000085d80000, 0x00000000d5580000)
  object space 95744K, 34% used [0x0000000080000000,0x0000000081fdfbf8,0x0000000085d80000)
 Metaspace       used 63484K, capacity 66246K, committed 66520K, reserved 1105920K
  class space    used 8572K, capacity 9145K, committed 9216K, reserved 1048576K
}
Event: 6.154 GC heap before
{Heap before GC invocations=16 (full 3):
 PSYoungGen      total 164864K, used 164466K [0x00000000d5580000, 0x00000000e1480000, 0x0000000100000000)
  eden space 152064K, 100% used [0x00000000d5580000,0x00000000dea00000,0x00000000dea00000)
  from space 12800K, 96% used [0x00000000e0800000,0x00000000e141c8b0,0x00000000e1480000)
  to   space 19456K, 0% used [0x00000000dee80000,0x00000000dee80000,0x00000000e0180000)
 ParOldGen       total 95744K, used 32638K [0x0000000080000000, 0x0000000085d80000, 0x00000000d5580000)
  object space 95744K, 34% used [0x0000000080000000,0x0000000081fdfbf8,0x0000000085d80000)
 Metaspace       used 72350K, capacity 75342K, committed 75480K, reserved 1114112K
  class space    used 9882K, capacity 10463K, committed 10496K, reserved 1048576K
Event: 6.165 GC heap after
Heap after GC invocations=16 (full 3):
 PSYoungGen      total 171520K, used 19425K [0x00000000d5580000, 0x00000000e1480000, 0x0000000100000000)
  eden space 152064K, 0% used [0x00000000d5580000,0x00000000d5580000,0x00000000dea00000)
  from space 19456K, 99% used [0x00000000dee80000,0x00000000e01784d8,0x00000000e0180000)
  to   space 12800K, 0% used [0x00000000e0800000,0x00000000e0800000,0x00000000e1480000)
 ParOldGen       total 95744K, used 34002K [0x0000000080000000, 0x0000000085d80000, 0x00000000d5580000)
  object space 95744K, 35% used [0x0000000080000000,0x0000000082134b90,0x0000000085d80000)
 Metaspace       used 72350K, capacity 75342K, committed 75480K, reserved 1114112K
  class space    used 9882K, capacity 10463K, committed 10496K, reserved 1048576K
}
Event: 7.285 GC heap before
{Heap before GC invocations=17 (full 3):
 PSYoungGen      total 171520K, used 171489K [0x00000000d5580000, 0x00000000e1480000, 0x0000000100000000)
  eden space 152064K, 100% used [0x00000000d5580000,0x00000000dea00000,0x00000000dea00000)
  from space 19456K, 99% used [0x00000000dee80000,0x00000000e01784d8,0x00000000e0180000)
  to   space 12800K, 0% used [0x00000000e0800000,0x00000000e0800000,0x00000000e1480000)
 ParOldGen       total 95744K, used 34002K [0x0000000080000000, 0x0000000085d80000, 0x00000000d5580000)
  object space 95744K, 35% used [0x0000000080000000,0x0000000082134b90,0x0000000085d80000)
 Metaspace       used 79972K, capacity 84148K, committed 84440K, reserved 1122304K
  class space    used 10912K, capacity 11707K, committed 11776K, reserved 1048576K
Event: 7.302 GC heap after
Heap after GC invocations=17 (full 3):
 PSYoungGen      total 164864K, used 12785K [0x00000000d5580000, 0x00000000e1480000, 0x0000000100000000)
  eden space 152064K, 0% used [0x00000000d5580000,0x00000000d5580000,0x00000000dea00000)
  from space 12800K, 99% used [0x00000000e0800000,0x00000000e147c6f8,0x00000000e1480000)
  to   space 19456K, 0% used [0x00000000dee80000,0x00000000dee80000,0x00000000e0180000)
 ParOldGen       total 95744K, used 49972K [0x0000000080000000, 0x0000000085d80000, 0x00000000d5580000)
  object space 95744K, 52% used [0x0000000080000000,0x00000000830cd378,0x0000000085d80000)
 Metaspace       used 79972K, capacity 84148K, committed 84440K, reserved 1122304K
  class space    used 10912K, capacity 11707K, committed 11776K, reserved 1048576K
}
Event: 7.446 GC heap before
{Heap before GC invocations=18 (full 3):
 PSYoungGen      total 164864K, used 42915K [0x00000000d5580000, 0x00000000e1480000, 0x0000000100000000)
  eden space 152064K, 19% used [0x00000000d5580000,0x00000000d72ec898,0x00000000dea00000)
  from space 12800K, 99% used [0x00000000e0800000,0x00000000e147c6f8,0x00000000e1480000)
  to   space 19456K, 0% used [0x00000000dee80000,0x00000000dee80000,0x00000000e0180000)
 ParOldGen       total 95744K, used 49972K [0x0000000080000000, 0x0000000085d80000, 0x00000000d5580000)
  object space 95744K, 52% used [0x0000000080000000,0x00000000830cd378,0x0000000085d80000)
 Metaspace       used 80469K, capacity 84628K, committed 84696K, reserved 1126400K
  class space    used 10940K, capacity 11739K, committed 11776K, reserved 1048576K

